#
# A fatal error has been detected by the Java Runtime Environment:
#
#  SIGSEGV (0xb) at pc=0x000000010817229e, pid=3078, tid=19715
#
# JRE version: Java(TM) SE Runtime Environment (8.0_60-b27) (build 1.8.0_60-b27)
# Java VM: Java HotSpot(TM) 64-Bit Server VM (25.60-b23 mixed mode bsd-amd64 compressed oops)
# Problematic frame:
# V  [libjvm.dylib+0x17229e]
#
# Failed to write core dump. Core dumps have been disabled. To enable core dumping, try "ulimit -c unlimited" before starting Java again
#
# If you would like to submit a bug report, please visit:
#   http://bugreport.java.com/bugreport/crash.jsp
#

---------------  T H R E A D  ---------------

Current thread (0x00007fe23f003000):  JavaThread "C2 CompilerThread2" daemon [_thread_in_vm, id=19715, stack(0x000000011f798000,0x000000011f898000)]

siginfo: si_signo: 11 (SIGSEGV), si_code: 1 (SEGV_MAPERR), si_addr: 0x0000000000000008

Registers:
RAX=0x0000000000000000, RBX=0x00000007c0082368, RCX=0x00007fe23f915810, RDX=0x00007fe23c910b50
RSP=0x000000011f896170, RBP=0x000000011f8961c0, RSI=0x00000007c0082368, RDI=0x00000007c0082368
R8 =0x0000000000000068, R9 =0x00007fe23f915810, R10=0xffffffffffffffff, R11=0x00007fe12425ebf8
R12=0x0000000000000068, R13=0x00000007c0082368, R14=0x00007fe23c910920, R15=0x00007fe23f003000
RIP=0x000000010817229e, EFLAGS=0x0000000000010202, ERR=0x0000000000000004
  TRAPNO=0x000000000000000e

Top of Stack: (sp=0x000000011f896170)
0x000000011f896170:   00007fe23f917280 0000000000000067
0x000000011f896180:   000000011f8961c0 000000010817183a
0x000000011f896190:   00007fe23f917280 00000007c0082218
0x000000011f8961a0:   00000007c0082368 0000000000000068
0x000000011f8961b0:   00007fe23c910920 00007fe23c910b50
0x000000011f8961c0:   000000011f896200 0000000108172584
0x000000011f8961d0:   0000006b3f9164f0 00007fe23cb29260
0x000000011f8961e0:   0000000000000003 00000007c0082368
0x000000011f8961f0:   00007fe23cb29250 0000000000000001
0x000000011f896200:   000000011f896240 000000010816ff3d
0x000000011f896210:   000000011b6b7968 00007fe23f9164f0
0x000000011f896220:   00007fe23cb29260 0000000000000141
0x000000011f896230:   000000011b6b7968 00007fe23cb29250
0x000000011f896240:   000000011f8962a0 0000000108170096
0x000000011f896250:   00007fe23cb29130 00007fe23cb29160
0x000000011f896260:   00007fe23cb29210 00007fe23cb29548
0x000000011f896270:   00000000000003d8 000000011f896320
0x000000011f896280:   000000011b63be80 000000011b6b7968
0x000000011f896290:   00007fe23f9162c0 00007fe23f003000
0x000000011f8962a0:   000000011f8962f0 000000010816c56d
0x000000011f8962b0:   000000011f8962f0 00000001081bdbe5
0x000000011f8962c0:   000000011f897a90 00007fe23f9162c0
0x000000011f8962d0:   000000011f897a90 000000011f896f88
0x000000011f8962e0:   000000011b63be80 000000011f897920
0x000000011f8962f0:   000000011f896350 000000010816c6c1
0x000000011f896300:   00007fe23f003000 00007fe23f003000
0x000000011f896310:   000000011b63be80 00007fe23f003000
0x000000011f896320:   000000011b63be80 00007fe23f003000
0x000000011f896330:   000000011b63be80 000000011f897a90
0x000000011f896340:   000000011f897078 000000011f897118
0x000000011f896350:   000000011f896f40 00000001081b1a9a
0x000000011f896360:   0000000000000004 00007fe23c071980 

Instructions: (pc=0x000000010817229e)
0x000000010817227e:   8d 05 4c 6d 6b 00 48 63 38 e8 5a e4 44 00 49 89
0x000000010817228e:   c7 80 3d 36 fd 75 00 00 74 35 48 8b 03 48 89 df
0x000000010817229e:   ff 50 08 84 c0 74 28 83 7b 08 00 7e 22 0f b7 83
0x00000001081722ae:   0e 01 00 00 a8 08 74 17 48 8b 03 48 89 df ff 90 

Register to memory mapping:

RAX=0x0000000000000000 is an unknown value
RBX=0x00000007c0082368 is pointing into metadata
RCX=0x00007fe23f915810 is an unknown value
RDX=0x00007fe23c910b50 is an unknown value
RSP=0x000000011f896170 is pointing into the stack for thread: 0x00007fe23f003000
RBP=0x000000011f8961c0 is pointing into the stack for thread: 0x00007fe23f003000
RSI=0x00000007c0082368 is pointing into metadata
RDI=0x00000007c0082368 is pointing into metadata
R8 =0x0000000000000068 is an unknown value
R9 =0x00007fe23f915810 is an unknown value
R10=0xffffffffffffffff is an unknown value
R11=0x00007fe12425ebf8 is an unknown value
R12=0x0000000000000068 is an unknown value
R13=0x00000007c0082368 is pointing into metadata
R14=0x00007fe23c910920 is an unknown value
R15=0x00007fe23f003000 is a thread


Stack: [0x000000011f798000,0x000000011f898000],  sp=0x000000011f896170,  free space=1016k
Native frames: (J=compiled Java code, j=interpreted, Vv=VM code, C=native code)
V  [libjvm.dylib+0x17229e]
V  [libjvm.dylib+0x172584]
V  [libjvm.dylib+0x16ff3d]
V  [libjvm.dylib+0x170096]
V  [libjvm.dylib+0x16c56d]
V  [libjvm.dylib+0x16c6c1]
V  [libjvm.dylib+0x1b1a9a]
V  [libjvm.dylib+0x14fc8e]
V  [libjvm.dylib+0x1b55e6]
V  [libjvm.dylib+0x1b7b2d]
V  [libjvm.dylib+0x5612d3]
V  [libjvm.dylib+0x5629ce]
V  [libjvm.dylib+0x48343a]
C  [libsystem_pthread.dylib+0x405a]  _pthread_body+0x83
C  [libsystem_pthread.dylib+0x3fd7]  _pthread_body+0x0
C  [libsystem_pthread.dylib+0x13ed]  thread_start+0xd
C  0x0000000000000000


Current CompileTask:
C2:   2232 1228       4       com.android.dx.ssa.SCCP::simulateStmt (481 bytes)


---------------  P R O C E S S  ---------------

Java Threads: ( => current thread )
  0x00007fe23d027000 JavaThread "pool-1-thread-4" [_thread_blocked, id=23811, stack(0x000000011fffa000,0x00000001200fa000)]
  0x00007fe23e812800 JavaThread "pool-1-thread-3" [_thread_in_Java, id=23299, stack(0x000000011fef7000,0x000000011fff7000)]
  0x00007fe23c0a9000 JavaThread "pool-1-thread-2" [_thread_in_vm, id=22787, stack(0x000000011fdf4000,0x000000011fef4000)]
  0x00007fe23f009000 JavaThread "pool-2-thread-1" [_thread_blocked, id=22275, stack(0x000000011fcf1000,0x000000011fdf1000)]
  0x00007fe23e080000 JavaThread "pool-1-thread-1" [_thread_in_Java, id=21763, stack(0x000000011fbee000,0x000000011fcee000)]
  0x00007fe23e802800 JavaThread "Service Thread" daemon [_thread_blocked, id=20739, stack(0x000000011f99e000,0x000000011fa9e000)]
  0x00007fe23f004000 JavaThread "C1 CompilerThread3" daemon [_thread_in_native, id=20227, stack(0x000000011f89b000,0x000000011f99b000)]
=>0x00007fe23f003000 JavaThread "C2 CompilerThread2" daemon [_thread_in_vm, id=19715, stack(0x000000011f798000,0x000000011f898000)]
  0x00007fe23c02f800 JavaThread "C2 CompilerThread1" daemon [_thread_in_native, id=19203, stack(0x000000011f695000,0x000000011f795000)]
  0x00007fe240004000 JavaThread "C2 CompilerThread0" daemon [_thread_in_native, id=18691, stack(0x000000011f592000,0x000000011f692000)]
  0x00007fe240002000 JavaThread "Signal Dispatcher" daemon [_thread_blocked, id=15383, stack(0x000000011f48f000,0x000000011f58f000)]
  0x00007fe23e01c000 JavaThread "Finalizer" daemon [_thread_blocked, id=13571, stack(0x000000011da5f000,0x000000011db5f000)]
  0x00007fe23e01b800 JavaThread "Reference Handler" daemon [_thread_blocked, id=13059, stack(0x000000011d95c000,0x000000011da5c000)]
  0x00007fe23e001800 JavaThread "main" [_thread_in_Java, id=4867, stack(0x0000000106ee1000,0x0000000106fe1000)]

Other Threads:
  0x00007fe23e018800 VMThread [stack: 0x000000011d859000,0x000000011d959000] [id=12547]
  0x00007fe23e801000 WatcherThread [stack: 0x000000011faa1000,0x000000011fba1000] [id=21251]

VM state:not at safepoint (normal execution)

VM Mutex/Monitor currently owned by a thread: None

Heap:
 PSYoungGen      total 76288K, used 50649K [0x00000007aab00000, 0x00000007b4000000, 0x00000007c0000000)
  eden space 65536K, 60% used [0x00000007aab00000,0x00000007ad1fde70,0x00000007aeb00000)
  from space 10752K, 99% used [0x00000007aeb00000,0x00000007af578658,0x00000007af580000)
  to   space 10752K, 0% used [0x00000007b3580000,0x00000007b3580000,0x00000007b4000000)
 ParOldGen       total 175104K, used 24K [0x0000000780000000, 0x000000078ab00000, 0x00000007aab00000)
  object space 175104K, 0% used [0x0000000780000000,0x0000000780006000,0x000000078ab00000)
 Metaspace       used 5807K, capacity 6896K, committed 7040K, reserved 1056768K
  class space    used 588K, capacity 616K, committed 640K, reserved 1048576K

Card table byte_map: [0x0000000118387000,0x0000000118588000] byte_map_base: 0x0000000114787000

Marking Bits: (ParMarkBitMap*) 0x00000001088dee20
 Begin Bits: [0x0000000118ef6000, 0x0000000119ef6000)
 End Bits:   [0x0000000119ef6000, 0x000000011aef6000)

Polling page: 0x0000000106ff1000

CodeCache: size=245760Kb used=3928Kb max_used=3941Kb free=241831Kb
 bounds [0x0000000108fc7000, 0x00000001093a7000, 0x0000000117fc7000]
 total_blobs=1349 nmethods=1081 adapters=182
 compilation: enabled

Compilation events (10 events):
Event: 2.180 Thread 0x00007fe23f004000  979       2       java.util.Vector::<init> (49 bytes)
Event: 2.180 Thread 0x00007fe23f003000 nmethod 1170 0x000000010937f7d0 code [0x000000010937f920, 0x000000010937f9d8]
Event: 2.181 Thread 0x00007fe23f003000 1174       4       java.util.ArrayList$SubList::<init> (46 bytes)
Event: 2.182 Thread 0x00007fe23f004000 nmethod 979 0x000000010938eb50 code [0x000000010938ed00, 0x000000010938f198]
Event: 2.184 Thread 0x00007fe23f004000 1230 %     3       com.android.dx.ssa.back.SsaToRop::convertInsns @ 17 (53 bytes)
Event: 2.188 Thread 0x00007fe23f004000 nmethod 1230% 0x0000000109391750 code [0x00000001093919e0, 0x0000000109392aa8]
Event: 2.189 Thread 0x00007fe23f004000 1231       2       com.android.dx.rop.code.RegisterSpecSet::intersect (117 bytes)
Event: 2.189 Thread 0x00007fe23f003000 nmethod 1174 0x000000010938ff90 code [0x00000001093900e0, 0x0000000109390198]
Event: 2.189 Thread 0x00007fe23f003000 1228       4       com.android.dx.ssa.SCCP::simulateStmt (481 bytes)
Event: 2.193 Thread 0x00007fe23f004000 nmethod 1231 0x000000010938df10 code [0x000000010938e0c0, 0x000000010938e598]

GC Heap History (2 events):
Event: 1.817 GC heap before
{Heap before GC invocations=1 (full 0):
 PSYoungGen      total 76288K, used 65536K [0x00000007aab00000, 0x00000007b0000000, 0x00000007c0000000)
  eden space 65536K, 100% used [0x00000007aab00000,0x00000007aeb00000,0x00000007aeb00000)
  from space 10752K, 0% used [0x00000007af580000,0x00000007af580000,0x00000007b0000000)
  to   space 10752K, 0% used [0x00000007aeb00000,0x00000007aeb00000,0x00000007af580000)
 ParOldGen       total 175104K, used 0K [0x0000000780000000, 0x000000078ab00000, 0x00000007aab00000)
  object space 175104K, 0% used [0x0000000780000000,0x0000000780000000,0x000000078ab00000)
 Metaspace       used 5757K, capacity 6832K, committed 7040K, reserved 1056768K
  class space    used 588K, capacity 616K, committed 640K, reserved 1048576K
Event: 1.837 GC heap after
Heap after GC invocations=1 (full 0):
 PSYoungGen      total 76288K, used 10721K [0x00000007aab00000, 0x00000007b4000000, 0x00000007c0000000)
  eden space 65536K, 0% used [0x00000007aab00000,0x00000007aab00000,0x00000007aeb00000)
  from space 10752K, 99% used [0x00000007aeb00000,0x00000007af578658,0x00000007af580000)
  to   space 10752K, 0% used [0x00000007b3580000,0x00000007b3580000,0x00000007b4000000)
 ParOldGen       total 175104K, used 24K [0x0000000780000000, 0x000000078ab00000, 0x00000007aab00000)
  object space 175104K, 0% used [0x0000000780000000,0x0000000780006000,0x000000078ab00000)
 Metaspace       used 5757K, capacity 6832K, committed 7040K, reserved 1056768K
  class space    used 588K, capacity 616K, committed 640K, reserved 1048576K
}

Deoptimization events (10 events):
Event: 0.604 Thread 0x00007fe23e001800 Uncommon trap: reason=class_check action=maybe_recompile pc=0x0000000109156584 method=java.util.HashMap.getNode(ILjava/lang/Object;)Ljava/util/HashMap$Node; @ 126
Event: 0.717 Thread 0x00007fe23c0a9000 Uncommon trap: reason=unstable_if action=reinterpret pc=0x00000001091b9ad0 method=java.util.HashMap.getNode(ILjava/lang/Object;)Ljava/util/HashMap$Node; @ 116
Event: 0.731 Thread 0x00007fe23d027000 Uncommon trap: reason=unstable_if action=reinterpret pc=0x00000001091b60c8 method=java.util.HashMap.getNode(ILjava/lang/Object;)Ljava/util/HashMap$Node; @ 129
Event: 0.753 Thread 0x00007fe23d027000 Uncommon trap: reason=class_check action=maybe_recompile pc=0x00000001091df868 method=com.android.dx.ssa.NormalSsaInsn.accept(Lcom/android/dx/ssa/SsaInsn$Visitor;)V @ 9
Event: 0.753 Thread 0x00007fe23d027000 Uncommon trap: reason=class_check action=maybe_recompile pc=0x00000001091df868 method=com.android.dx.ssa.NormalSsaInsn.accept(Lcom/android/dx/ssa/SsaInsn$Visitor;)V @ 9
Event: 0.754 Thread 0x00007fe23d027000 Uncommon trap: reason=class_check action=maybe_recompile pc=0x00000001091df868 method=com.android.dx.ssa.NormalSsaInsn.accept(Lcom/android/dx/ssa/SsaInsn$Visitor;)V @ 9
Event: 0.754 Thread 0x00007fe23d027000 Uncommon trap: reason=class_check action=maybe_recompile pc=0x00000001091df868 method=com.android.dx.ssa.NormalSsaInsn.accept(Lcom/android/dx/ssa/SsaInsn$Visitor;)V @ 9
Event: 0.755 Thread 0x00007fe23d027000 Uncommon trap: reason=class_check action=maybe_recompile pc=0x000000010919af90 method=com.android.dx.ssa.NormalSsaInsn.accept(Lcom/android/dx/ssa/SsaInsn$Visitor;)V @ 9
Event: 1.662 Thread 0x00007fe23e080000 Uncommon trap: reason=null_check action=make_not_entrant pc=0x00000001092a8bf4 method=com.android.dx.ssa.SsaRenamer.getLocalForNewReg(I)Lcom/android/dx/rop/code/LocalItem; @ 19
Event: 1.665 Thread 0x00007fe23e080000 Uncommon trap: reason=null_check action=make_not_entrant pc=0x00000001092b23c0 method=com.android.dx.ssa.SsaRenamer.getLocalForNewReg(I)Lcom/android/dx/rop/code/LocalItem; @ 19

Internal exceptions (10 events):
Event: 0.101 Thread 0x00007fe23e001800 Exception <a 'java/security/PrivilegedActionException'> (0x00000007aaba50b0) thrown at [/Users/java_re/workspace/8-2-build-macosx-x86_64/jdk8u60/4407/hotspot/src/share/vm/prims/jvm.cpp, line 1386]
Event: 0.102 Thread 0x00007fe23e001800 Exception <a 'java/security/PrivilegedActionException'> (0x00000007aaba52c0) thrown at [/Users/java_re/workspace/8-2-build-macosx-x86_64/jdk8u60/4407/hotspot/src/share/vm/prims/jvm.cpp, line 1386]
Event: 0.103 Thread 0x00007fe23e001800 Exception <a 'java/util/zip/ZipException'> (0x00000007aaba6040) thrown at [/Users/java_re/workspace/8-2-build-macosx-x86_64/jdk8u60/4407/hotspot/src/share/vm/prims/jni.cpp, line 709]
Event: 0.103 Thread 0x00007fe23e001800 Exception <a 'java/security/PrivilegedActionException'> (0x00000007aaba6248) thrown at [/Users/java_re/workspace/8-2-build-macosx-x86_64/jdk8u60/4407/hotspot/src/share/vm/prims/jvm.cpp, line 1386]
Event: 0.103 Thread 0x00007fe23e001800 Exception <a 'java/security/PrivilegedActionException'> (0x00000007aaba6458) thrown at [/Users/java_re/workspace/8-2-build-macosx-x86_64/jdk8u60/4407/hotspot/src/share/vm/prims/jvm.cpp, line 1386]
Event: 0.104 Thread 0x00007fe23e001800 Exception <a 'java/util/zip/ZipException'> (0x00000007aabb7e60) thrown at [/Users/java_re/workspace/8-2-build-macosx-x86_64/jdk8u60/4407/hotspot/src/share/vm/prims/jni.cpp, line 709]
Event: 0.104 Thread 0x00007fe23e001800 Exception <a 'java/security/PrivilegedActionException'> (0x00000007aabb8068) thrown at [/Users/java_re/workspace/8-2-build-macosx-x86_64/jdk8u60/4407/hotspot/src/share/vm/prims/jvm.cpp, line 1386]
Event: 0.105 Thread 0x00007fe23e001800 Exception <a 'java/security/PrivilegedActionException'> (0x00000007aabb8278) thrown at [/Users/java_re/workspace/8-2-build-macosx-x86_64/jdk8u60/4407/hotspot/src/share/vm/prims/jvm.cpp, line 1386]
Event: 1.662 Thread 0x00007fe23e080000 Implicit null exception at 0x00000001092a5efd to 0x00000001092a8bb9
Event: 1.664 Thread 0x00007fe23e080000 Implicit null exception at 0x00000001092afa35 to 0x00000001092b239d

Events (10 events):
Event: 1.662 Thread 0x00007fe23e080000 Uncommon trap: trap_request=0xfffffff4 fr.pc=0x00000001092a8bf4
Event: 1.663 Thread 0x00007fe23e080000 DEOPT PACKING pc=0x00000001092a8bf4 sp=0x000000011fcecf00
Event: 1.663 Thread 0x00007fe23e080000 DEOPT UNPACKING pc=0x0000000108fcc229 sp=0x000000011fcecd78 mode 2
Event: 1.664 Thread 0x00007fe23e080000 Uncommon trap: trap_request=0xfffffff4 fr.pc=0x00000001092b23c0
Event: 1.666 Thread 0x00007fe23e080000 DEOPT PACKING pc=0x00000001092b23c0 sp=0x000000011fcece90
Event: 1.666 Thread 0x00007fe23e080000 DEOPT UNPACKING pc=0x0000000108fcc229 sp=0x000000011fcecd68 mode 2
Event: 1.816 Executing VM operation: ParallelGCFailedAllocation
Event: 1.837 Executing VM operation: ParallelGCFailedAllocation done
Event: 1.916 loading class com/android/dx/rop/code/RegOps
Event: 1.916 loading class com/android/dx/rop/code/RegOps done


Dynamic libraries:
0x0000000002e1c000 	/System/Library/Frameworks/Cocoa.framework/Versions/A/Cocoa
0x0000000002e1c000 	/System/Library/Frameworks/Security.framework/Versions/A/Security
0x0000000002e1c000 	/System/Library/Frameworks/ApplicationServices.framework/Versions/A/ApplicationServices
0x0000000002e1c000 	/usr/lib/libz.1.dylib
0x0000000002e1c000 	/usr/lib/libSystem.B.dylib
0x0000000002e1c000 	/usr/lib/libobjc.A.dylib
0x0000000002e1c000 	/System/Library/Frameworks/CoreFoundation.framework/Versions/A/CoreFoundation
0x0000000002e1c000 	/System/Library/Frameworks/Foundation.framework/Versions/C/Foundation
0x0000000002e1c000 	/System/Library/Frameworks/AppKit.framework/Versions/C/AppKit
0x0000000002e1c000 	/System/Library/Frameworks/CoreData.framework/Versions/A/CoreData
0x0000000002e1c000 	/System/Library/PrivateFrameworks/RemoteViewServices.framework/Versions/A/RemoteViewServices
0x0000000002e1c000 	/System/Library/PrivateFrameworks/UIFoundation.framework/Versions/A/UIFoundation
0x0000000002e1c000 	/System/Library/Frameworks/IOSurface.framework/Versions/A/IOSurface
0x0000000002e1c000 	/System/Library/Frameworks/AudioToolbox.framework/Versions/A/AudioToolbox
0x0000000002e1c000 	/System/Library/Frameworks/AudioUnit.framework/Versions/A/AudioUnit
0x0000000002e1c000 	/System/Library/PrivateFrameworks/DataDetectorsCore.framework/Versions/A/DataDetectorsCore
0x0000000002e1c000 	/System/Library/PrivateFrameworks/DesktopServicesPriv.framework/Versions/A/DesktopServicesPriv
0x0000000002e1c000 	/System/Library/Frameworks/Carbon.framework/Versions/A/Frameworks/HIToolbox.framework/Versions/A/HIToolbox
0x0000000002e1c000 	/System/Library/Frameworks/QuartzCore.framework/Versions/A/QuartzCore
0x0000000002e1c000 	/System/Library/Frameworks/Carbon.framework/Versions/A/Frameworks/SpeechRecognition.framework/Versions/A/SpeechRecognition
0x0000000002e1c000 	/usr/lib/libauto.dylib
0x0000000002e1c000 	/usr/lib/libicucore.A.dylib
0x0000000002e1c000 	/usr/lib/libxml2.2.dylib
0x0000000002e1c000 	/System/Library/PrivateFrameworks/CoreUI.framework/Versions/A/CoreUI
0x0000000002e1c000 	/System/Library/Frameworks/CoreAudio.framework/Versions/A/CoreAudio
0x0000000002e1c000 	/System/Library/Frameworks/DiskArbitration.framework/Versions/A/DiskArbitration
0x0000000002e1c000 	/usr/lib/liblangid.dylib
0x0000000002e1c000 	/System/Library/PrivateFrameworks/MultitouchSupport.framework/Versions/A/MultitouchSupport
0x0000000002e1c000 	/System/Library/Frameworks/IOKit.framework/Versions/A/IOKit
0x0000000002e1c000 	/usr/lib/libDiagnosticMessagesClient.dylib
0x0000000002e1c000 	/System/Library/Frameworks/CoreServices.framework/Versions/A/CoreServices
0x0000000002e1c000 	/System/Library/PrivateFrameworks/PerformanceAnalysis.framework/Versions/A/PerformanceAnalysis
0x0000000002e1c000 	/System/Library/PrivateFrameworks/GenerationalStorage.framework/Versions/A/GenerationalStorage
0x0000000002e1c000 	/System/Library/Frameworks/OpenGL.framework/Versions/A/OpenGL
0x0000000002e1c000 	/System/Library/PrivateFrameworks/Sharing.framework/Versions/A/Sharing
0x0000000002e1c000 	/System/Library/Frameworks/CoreGraphics.framework/Versions/A/CoreGraphics
0x0000000002e1c000 	/System/Library/Frameworks/CoreText.framework/Versions/A/CoreText
0x0000000002e1c000 	/System/Library/Frameworks/ImageIO.framework/Versions/A/ImageIO
0x0000000002e1c000 	/usr/lib/libextension.dylib
0x0000000002e1c000 	/System/Library/PrivateFrameworks/Backup.framework/Versions/A/Backup
0x0000000002e1c000 	/usr/lib/libarchive.2.dylib
0x0000000002e1c000 	/System/Library/Frameworks/CFNetwork.framework/Versions/A/CFNetwork
0x0000000002e1c000 	/System/Library/Frameworks/SystemConfiguration.framework/Versions/A/SystemConfiguration
0x0000000002e1c000 	/usr/lib/libCRFSuite.dylib
0x0000000002e1c000 	/usr/lib/libc++.1.dylib
0x0000000002e1c000 	/usr/lib/libc++abi.dylib
0x0000000002e1c000 	/usr/lib/system/libcache.dylib
0x0000000002e1c000 	/usr/lib/system/libcommonCrypto.dylib
0x0000000002e1c000 	/usr/lib/system/libcompiler_rt.dylib
0x0000000002e1c000 	/usr/lib/system/libcopyfile.dylib
0x0000000002e1c000 	/usr/lib/system/libcorecrypto.dylib
0x0000000002e1c000 	/usr/lib/system/libdispatch.dylib
0x0000000002e1c000 	/usr/lib/system/libdyld.dylib
0x0000000002e1c000 	/usr/lib/system/libkeymgr.dylib
0x0000000002e1c000 	/usr/lib/system/liblaunch.dylib
0x0000000002e1c000 	/usr/lib/system/libmacho.dylib
0x0000000002e1c000 	/usr/lib/system/libquarantine.dylib
0x0000000002e1c000 	/usr/lib/system/libremovefile.dylib
0x0000000002e1c000 	/usr/lib/system/libsystem_asl.dylib
0x0000000002e1c000 	/usr/lib/system/libsystem_blocks.dylib
0x0000000002e1c000 	/usr/lib/system/libsystem_c.dylib
0x0000000002e1c000 	/usr/lib/system/libsystem_configuration.dylib
0x0000000002e1c000 	/usr/lib/system/libsystem_coreservices.dylib
0x0000000002e1c000 	/usr/lib/system/libsystem_coretls.dylib
0x0000000002e1c000 	/usr/lib/system/libsystem_dnssd.dylib
0x0000000002e1c000 	/usr/lib/system/libsystem_info.dylib
0x0000000002e1c000 	/usr/lib/system/libsystem_kernel.dylib
0x0000000002e1c000 	/usr/lib/system/libsystem_m.dylib
0x0000000002e1c000 	/usr/lib/system/libsystem_malloc.dylib
0x0000000002e1c000 	/usr/lib/system/libsystem_network.dylib
0x0000000002e1c000 	/usr/lib/system/libsystem_networkextension.dylib
0x0000000002e1c000 	/usr/lib/system/libsystem_notify.dylib
0x0000000002e1c000 	/usr/lib/system/libsystem_platform.dylib
0x0000000002e1c000 	/usr/lib/system/libsystem_pthread.dylib
0x0000000002e1c000 	/usr/lib/system/libsystem_sandbox.dylib
0x0000000002e1c000 	/usr/lib/system/libsystem_secinit.dylib
0x0000000002e1c000 	/usr/lib/system/libsystem_stats.dylib
0x0000000002e1c000 	/usr/lib/system/libsystem_trace.dylib
0x0000000002e1c000 	/usr/lib/system/libunc.dylib
0x0000000002e1c000 	/usr/lib/system/libunwind.dylib
0x0000000002e1c000 	/usr/lib/system/libxpc.dylib
0x0000000002e1c000 	/usr/lib/libbz2.1.0.dylib
0x0000000002e1c000 	/usr/lib/liblzma.5.dylib
0x0000000002e1c000 	/usr/lib/libbsm.0.dylib
0x0000000002e1c000 	/usr/lib/libsqlite3.dylib
0x0000000002e1c000 	/usr/lib/system/libkxld.dylib
0x0000000002e1c000 	/usr/lib/libxar.1.dylib
0x0000000002e1c000 	/usr/lib/libpam.2.dylib
0x0000000002e1c000 	/usr/lib/libOpenScriptingUtil.dylib
0x0000000002e1c000 	/System/Library/Frameworks/CoreServices.framework/Versions/A/Frameworks/FSEvents.framework/Versions/A/FSEvents
0x0000000002e1c000 	/System/Library/Frameworks/CoreServices.framework/Versions/A/Frameworks/CarbonCore.framework/Versions/A/CarbonCore
0x0000000002e1c000 	/System/Library/Frameworks/CoreServices.framework/Versions/A/Frameworks/Metadata.framework/Versions/A/Metadata
0x0000000002e1c000 	/System/Library/Frameworks/CoreServices.framework/Versions/A/Frameworks/OSServices.framework/Versions/A/OSServices
0x0000000002e1c000 	/System/Library/Frameworks/CoreServices.framework/Versions/A/Frameworks/SearchKit.framework/Versions/A/SearchKit
0x0000000002e1c000 	/System/Library/Frameworks/CoreServices.framework/Versions/A/Frameworks/AE.framework/Versions/A/AE
0x0000000002e1c000 	/System/Library/Frameworks/CoreServices.framework/Versions/A/Frameworks/LaunchServices.framework/Versions/A/LaunchServices
0x0000000002e1c000 	/System/Library/Frameworks/CoreServices.framework/Versions/A/Frameworks/DictionaryServices.framework/Versions/A/DictionaryServices
0x0000000002e1c000 	/System/Library/Frameworks/NetFS.framework/Versions/A/NetFS
0x0000000002e1c000 	/System/Library/PrivateFrameworks/NetAuth.framework/Versions/A/NetAuth
0x0000000002e1c000 	/System/Library/PrivateFrameworks/login.framework/Versions/A/Frameworks/loginsupport.framework/Versions/A/loginsupport
0x0000000002e1c000 	/System/Library/PrivateFrameworks/TCC.framework/Versions/A/TCC
0x0000000002e1c000 	/usr/lib/libmecabra.dylib
0x0000000002e1c000 	/System/Library/Frameworks/ApplicationServices.framework/Versions/A/Frameworks/ATS.framework/Versions/A/ATS
0x0000000002e1c000 	/System/Library/Frameworks/ApplicationServices.framework/Versions/A/Frameworks/ColorSync.framework/Versions/A/ColorSync
0x0000000002e1c000 	/System/Library/Frameworks/ApplicationServices.framework/Versions/A/Frameworks/HIServices.framework/Versions/A/HIServices
0x0000000002e1c000 	/System/Library/Frameworks/ApplicationServices.framework/Versions/A/Frameworks/LangAnalysis.framework/Versions/A/LangAnalysis
0x0000000002e1c000 	/System/Library/Frameworks/ApplicationServices.framework/Versions/A/Frameworks/PrintCore.framework/Versions/A/PrintCore
0x0000000002e1c000 	/System/Library/Frameworks/ApplicationServices.framework/Versions/A/Frameworks/QD.framework/Versions/A/QD
0x0000000002e1c000 	/System/Library/Frameworks/ApplicationServices.framework/Versions/A/Frameworks/SpeechSynthesis.framework/Versions/A/SpeechSynthesis
0x0000000002e1c000 	/System/Library/Frameworks/Accelerate.framework/Versions/A/Accelerate
0x0000000002e1c000 	/System/Library/Frameworks/Accelerate.framework/Versions/A/Frameworks/vImage.framework/Versions/A/vImage
0x0000000002e1c000 	/System/Library/Frameworks/Accelerate.framework/Versions/A/Frameworks/vecLib.framework/Versions/A/vecLib
0x0000000002e1c000 	/System/Library/Frameworks/Accelerate.framework/Versions/A/Frameworks/vecLib.framework/Versions/A/libvDSP.dylib
0x0000000002e1c000 	/System/Library/Frameworks/Accelerate.framework/Versions/A/Frameworks/vecLib.framework/Versions/A/libvMisc.dylib
0x0000000002e1c000 	/System/Library/Frameworks/Accelerate.framework/Versions/A/Frameworks/vecLib.framework/Versions/A/libLAPACK.dylib
0x0000000002e1c000 	/System/Library/Frameworks/Accelerate.framework/Versions/A/Frameworks/vecLib.framework/Versions/A/libBLAS.dylib
0x0000000002e1c000 	/System/Library/Frameworks/Accelerate.framework/Versions/A/Frameworks/vecLib.framework/Versions/A/libLinearAlgebra.dylib
0x0000000002e1c000 	/System/Library/Frameworks/ApplicationServices.framework/Versions/A/Frameworks/ATS.framework/Versions/A/Resources/libFontParser.dylib
0x0000000002e1c000 	/System/Library/Frameworks/ApplicationServices.framework/Versions/A/Frameworks/ATS.framework/Versions/A/Resources/libFontRegistry.dylib
0x0000000002e1c000 	/System/Library/PrivateFrameworks/AppleVPA.framework/Versions/A/AppleVPA
0x0000000002e1c000 	/System/Library/PrivateFrameworks/AppleJPEG.framework/Versions/A/AppleJPEG
0x0000000002e1c000 	/System/Library/Frameworks/ImageIO.framework/Versions/A/Resources/libJPEG.dylib
0x0000000002e1c000 	/System/Library/Frameworks/ImageIO.framework/Versions/A/Resources/libTIFF.dylib
0x0000000002e1c000 	/System/Library/Frameworks/ImageIO.framework/Versions/A/Resources/libPng.dylib
0x0000000002e1c000 	/System/Library/Frameworks/ImageIO.framework/Versions/A/Resources/libGIF.dylib
0x0000000002e1c000 	/System/Library/Frameworks/ImageIO.framework/Versions/A/Resources/libJP2.dylib
0x0000000002e1c000 	/System/Library/Frameworks/ImageIO.framework/Versions/A/Resources/libRadiance.dylib
0x0000000002e1c000 	/System/Library/Frameworks/CoreVideo.framework/Versions/A/CoreVideo
0x0000000002e1c000 	/System/Library/Frameworks/OpenGL.framework/Versions/A/Libraries/libGLU.dylib
0x0000000002e1c000 	/System/Library/Frameworks/OpenGL.framework/Versions/A/Libraries/libGFXShared.dylib
0x0000000002e1c000 	/System/Library/Frameworks/OpenGL.framework/Versions/A/Libraries/libGL.dylib
0x0000000002e1c000 	/System/Library/Frameworks/OpenGL.framework/Versions/A/Libraries/libGLImage.dylib
0x0000000002e1c000 	/System/Library/Frameworks/OpenGL.framework/Versions/A/Libraries/libCVMSPluginSupport.dylib
0x0000000002e1c000 	/System/Library/Frameworks/OpenGL.framework/Versions/A/Libraries/libCoreVMClient.dylib
0x0000000002e1c000 	/usr/lib/libcups.2.dylib
0x0000000002e1c000 	/System/Library/Frameworks/Kerberos.framework/Versions/A/Kerberos
0x0000000002e1c000 	/System/Library/Frameworks/GSS.framework/Versions/A/GSS
0x0000000002e1c000 	/usr/lib/libresolv.9.dylib
0x0000000002e1c000 	/usr/lib/libiconv.2.dylib
0x0000000002e1c000 	/System/Library/PrivateFrameworks/Heimdal.framework/Versions/A/Heimdal
0x0000000002e1c000 	/usr/lib/libheimdal-asn1.dylib
0x0000000002e1c000 	/System/Library/Frameworks/OpenDirectory.framework/Versions/A/OpenDirectory
0x0000000002e1c000 	/System/Library/PrivateFrameworks/CommonAuth.framework/Versions/A/CommonAuth
0x0000000002e1c000 	/System/Library/Frameworks/OpenDirectory.framework/Versions/A/Frameworks/CFOpenDirectory.framework/Versions/A/CFOpenDirectory
0x0000000002e1c000 	/System/Library/Frameworks/SecurityFoundation.framework/Versions/A/SecurityFoundation
0x0000000002e1c000 	/System/Library/PrivateFrameworks/LanguageModeling.framework/Versions/A/LanguageModeling
0x0000000002e1c000 	/usr/lib/libcmph.dylib
0x0000000002e1c000 	/System/Library/Frameworks/ServiceManagement.framework/Versions/A/ServiceManagement
0x0000000002e1c000 	/usr/lib/libxslt.1.dylib
0x0000000002e1c000 	/System/Library/Frameworks/Carbon.framework/Versions/A/Frameworks/Ink.framework/Versions/A/Ink
0x0000000002e1c000 	/System/Library/Frameworks/QuartzCore.framework/Versions/A/Frameworks/CoreImage.framework/Versions/A/CoreImage
0x0000000002e1c000 	/System/Library/PrivateFrameworks/CrashReporterSupport.framework/Versions/A/CrashReporterSupport
0x0000000002e1c000 	/System/Library/Frameworks/OpenCL.framework/Versions/A/OpenCL
0x0000000002e1c000 	/System/Library/PrivateFrameworks/FaceCore.framework/Versions/A/FaceCore
0x0000000002e1c000 	/System/Library/PrivateFrameworks/Ubiquity.framework/Versions/A/Ubiquity
0x0000000002e1c000 	/System/Library/PrivateFrameworks/IconServices.framework/Versions/A/IconServices
0x0000000002e1c000 	/System/Library/PrivateFrameworks/ChunkingLibrary.framework/Versions/A/ChunkingLibrary
0x0000000002e1c000 	/System/Library/PrivateFrameworks/Apple80211.framework/Versions/A/Apple80211
0x0000000002e1c000 	/System/Library/Frameworks/CoreWLAN.framework/Versions/A/CoreWLAN
0x0000000002e1c000 	/System/Library/Frameworks/IOBluetooth.framework/Versions/A/IOBluetooth
0x0000000002e1c000 	/System/Library/PrivateFrameworks/CoreWiFi.framework/Versions/A/CoreWiFi
0x0000000002e1c000 	/System/Library/Frameworks/CoreBluetooth.framework/Versions/A/CoreBluetooth
0x0000000002e1c000 	/System/Library/PrivateFrameworks/DebugSymbols.framework/Versions/A/DebugSymbols
0x0000000002e1c000 	/System/Library/PrivateFrameworks/CoreSymbolication.framework/Versions/A/CoreSymbolication
0x0000000002e1c000 	/System/Library/PrivateFrameworks/Symbolication.framework/Versions/A/Symbolication
0x0000000002e1c000 	/System/Library/PrivateFrameworks/SpeechRecognitionCore.framework/Versions/A/SpeechRecognitionCore
0x0000000108000000 	/Library/Java/JavaVirtualMachines/jdk1.8.0_60.jdk/Contents/Home/jre/lib/server/libjvm.dylib
0x0000000002e1c000 	/usr/lib/libstdc++.6.dylib
0x0000000106fe3000 	/Library/Java/JavaVirtualMachines/jdk1.8.0_60.jdk/Contents/Home/jre/lib/libverify.dylib
0x0000000108f89000 	/Library/Java/JavaVirtualMachines/jdk1.8.0_60.jdk/Contents/Home/jre/lib/libjava.dylib
0x0000000108fbe000 	/Library/Java/JavaVirtualMachines/jdk1.8.0_60.jdk/Contents/Home/jre/lib/libzip.dylib
0x000000011db61000 	/System/Library/Frameworks/JavaVM.framework/Frameworks/JavaRuntimeSupport.framework/JavaRuntimeSupport
0x000000011db7c000 	/System/Library/Frameworks/JavaVM.framework/Versions/A/Frameworks/JavaNativeFoundation.framework/Versions/A/JavaNativeFoundation
0x000000011db91000 	/System/Library/Frameworks/JavaVM.framework/Versions/A/JavaVM
0x0000000002e1c000 	/System/Library/Frameworks/Carbon.framework/Versions/A/Carbon
0x000000011db9e000 	/System/Library/PrivateFrameworks/JavaLaunching.framework/Versions/A/JavaLaunching
0x0000000002e1c000 	/System/Library/Frameworks/Carbon.framework/Versions/A/Frameworks/CommonPanels.framework/Versions/A/CommonPanels
0x0000000002e1c000 	/System/Library/Frameworks/Carbon.framework/Versions/A/Frameworks/Help.framework/Versions/A/Help
0x0000000002e1c000 	/System/Library/Frameworks/Carbon.framework/Versions/A/Frameworks/ImageCapture.framework/Versions/A/ImageCapture
0x0000000002e1c000 	/System/Library/Frameworks/Carbon.framework/Versions/A/Frameworks/OpenScripting.framework/Versions/A/OpenScripting
0x0000000002e1c000 	/System/Library/Frameworks/Carbon.framework/Versions/A/Frameworks/Print.framework/Versions/A/Print
0x0000000002e1c000 	/System/Library/Frameworks/Carbon.framework/Versions/A/Frameworks/SecurityHI.framework/Versions/A/SecurityHI

VM Arguments:
jvm_args: -Xmx1024M -Dfile.encoding=UTF-8 -Duser.country=ES -Duser.language=es -Duser.variant 
java_command: com.android.dx.command.Main --dex --num-threads=4 --output /Users/pepesan/Downloads/BroadcastReceiverASv2/app/build/intermediates/pre-dexed/debug/internal_impl-23.0.1-984a63535b0812c9bc40ac9dd51afcb9165a68d8.jar /Users/pepesan/Downloads/BroadcastReceiverASv2/app/build/intermediates/exploded-aar/com.android.support/support-v4/23.0.1/jars/libs/internal_impl-23.0.1.jar
java_class_path (initial): /Users/pepesan/Library/Android/sdk/build-tools/23.0.1/lib/dx.jar
Launcher Type: SUN_STANDARD

Environment Variables:
PATH=/usr/bin:/bin:/usr/sbin:/sbin
SHELL=/bin/bash

Signal Handlers:
SIGSEGV: [libjvm.dylib+0x5a6d31], sa_mask[0]=11111111011111110111111111111111, sa_flags=SA_ONSTACK|SA_RESTART|SA_SIGINFO
SIGBUS: [libjvm.dylib+0x5a6d31], sa_mask[0]=11111111011111110111111111111111, sa_flags=SA_RESTART|SA_SIGINFO
SIGFPE: [libjvm.dylib+0x480a4c], sa_mask[0]=11111111011111110111111111111111, sa_flags=SA_RESTART|SA_SIGINFO
SIGPIPE: [libjvm.dylib+0x480a4c], sa_mask[0]=11111111011111110111111111111111, sa_flags=SA_RESTART|SA_SIGINFO
SIGXFSZ: [libjvm.dylib+0x480a4c], sa_mask[0]=11111111011111110111111111111111, sa_flags=SA_RESTART|SA_SIGINFO
SIGILL: [libjvm.dylib+0x480a4c], sa_mask[0]=11111111011111110111111111111111, sa_flags=SA_RESTART|SA_SIGINFO
SIGUSR1: SIG_DFL, sa_mask[0]=00000000000000000000000000000000, sa_flags=none
SIGUSR2: [libjvm.dylib+0x48056a], sa_mask[0]=00100000000000000000000000000000, sa_flags=SA_RESTART|SA_SIGINFO
SIGHUP: [libjvm.dylib+0x47eb41], sa_mask[0]=11111111011111110111111111111111, sa_flags=SA_RESTART|SA_SIGINFO
SIGINT: [libjvm.dylib+0x47eb41], sa_mask[0]=11111111011111110111111111111111, sa_flags=SA_RESTART|SA_SIGINFO
SIGTERM: [libjvm.dylib+0x47eb41], sa_mask[0]=11111111011111110111111111111111, sa_flags=SA_RESTART|SA_SIGINFO
SIGQUIT: [libjvm.dylib+0x47eb41], sa_mask[0]=11111111011111110111111111111111, sa_flags=SA_RESTART|SA_SIGINFO


---------------  S Y S T E M  ---------------

OS:Bsduname:Darwin 14.5.0 Darwin Kernel Version 14.5.0: Wed Jul 29 02:26:53 PDT 2015; root:xnu-2782.40.9~1/RELEASE_X86_64 x86_64
rlimit: STACK 8192k, CORE 0k, NPROC 709, NOFILE 10240, AS infinity
load average:4.52 2.40 1.84

CPU:total 8 (4 cores per cpu, 2 threads per core) family 6 model 58 stepping 9, cmov, cx8, fxsr, mmx, sse, sse2, sse3, ssse3, sse4.1, sse4.2, popcnt, avx, aes, clmul, erms, ht, tsc, tscinvbit, tscinv

Memory: 4k page, physical 16777216k(3444076k free)

/proc/meminfo:


vm_info: Java HotSpot(TM) 64-Bit Server VM (25.60-b23) for bsd-amd64 JRE (1.8.0_60-b27), built on Aug  4 2015 10:47:24 by "java_re" with gcc 4.2.1 (Based on Apple Inc. build 5658) (LLVM build 2336.11.00)

time: Thu Oct 15 11:02:24 2015
elapsed time: 2 seconds (0d 0h 0m 2s)

