#
# A fatal error has been detected by the Java Runtime Environment:
#
#  SIGSEGV (0xb) at pc=0x0000003f003e0012, pid=3079, tid=23811
#
# JRE version: Java(TM) SE Runtime Environment (8.0_60-b27) (build 1.8.0_60-b27)
# Java VM: Java HotSpot(TM) 64-Bit Server VM (25.60-b23 mixed mode bsd-amd64 compressed oops)
# Problematic frame:
# C  0x0000003f003e0012
#
# Failed to write core dump. Core dumps have been disabled. To enable core dumping, try "ulimit -c unlimited" before starting Java again
#
# If you would like to submit a bug report, please visit:
#   http://bugreport.java.com/bugreport/crash.jsp
#

---------------  T H R E A D  ---------------

Current thread (0x00007fca53822800):  JavaThread "pool-1-thread-4" [_thread_in_Java, id=23811, stack(0x0000000119fc1000,0x000000011a0c1000)]

siginfo: si_signo: 11 (SIGSEGV), si_code: 1 (SEGV_MAPERR), si_addr: 0x0000003f003e0012

Registers:
RAX=0x00000007c007a208, RBX=0x0000000115571c58, RCX=0x00000007b1b52ea8, RDX=0x0000000000000000
RSP=0x000000011a0bfdd8, RBP=0x00000007b1779208, RSI=0x00000007b1779298, RDI=0x0000000000000000
R8 =0x0000000000000001, R9 =0x000000000000001f, R10=0x0000000000000000, R11=0x00000000f62ef253
R12=0x0000000000000000, R13=0x00000007b1779220, R14=0x00000007b1b52db0, R15=0x00007fca53822800
RIP=0x0000003f003e0012, EFLAGS=0x0000000000010202, ERR=0x0000000000000014
  TRAPNO=0x000000000000000e

Top of Stack: (sp=0x000000011a0bfdd8)
0x000000011a0bfdd8:   00000001031f51a0 00000007b1779208
0x000000011a0bfde8:   00000007f62ef241 000000011a0bfe40
0x000000011a0bfdf8:   0000000100000001 0000000700000000
0x000000011a0bfe08:   00000007b17bd950 0000000700000000
0x000000011a0bfe18:   00000007b1b52e48 00000000f62ef241
0x000000011a0bfe28:   00000007b3d28090 00000007b1b52670
0x000000011a0bfe38:   00000001155e8cd0 00000007b17bd950
0x000000011a0bfe48:   000000010353ac00 00000001f62f7b20
0x000000011a0bfe58:   00000007b17bd798 0000000000000001
0x000000011a0bfe68:   00000007b1b52db0 00000007b1b52db0
0x000000011a0bfe78:   f630172bffffffff 00000007b1b51eb0
0x000000011a0bfe88:   00000007b0475090 00000002f62f7af3
0x000000011a0bfe98:   00000007b1b51ec0 00000007c001e290
0x000000011a0bfea8:   000000000000005c 00000007b0475090
0x000000011a0bfeb8:   0000000700000001 00000001f636a1a3
0x000000011a0bfec8:   00000007b1b41dc0 00000007b180ba00
0x000000011a0bfed8:   00000007b180b378 0000000000000000
0x000000011a0bfee8:   00000007c0085890 000000011a0c05c8
0x000000011a0bfef8:   00000001032b7bd4 ffffffffffffffff
0x000000011a0bff08:   00000001155e7d18 000000011a0c05c8
0x000000011a0bff18:   00000007b17bd4e0 00000007b180ba68
0x000000011a0bff28:   00000007b1b52db0 0000000000000001
0x000000011a0bff38:   00000007b17ca868 000000011a0c05c8
0x000000011a0bff48:   00000001033b5154 00000007b17ca748
0x000000011a0bff58:   00000007b17ca700 0000000a00000000
0x000000011a0bff68:   00000007b17ca868 00000007b17e0f28
0x000000011a0bff78:   00000007b04e3b88 00000007b17e1078
0x000000011a0bff88:   00000007b3d28078 00000007b3d28090
0x000000011a0bff98:   0000001e00000000 0000000000000003
0x000000011a0bffa8:   00000007b3d28090 00000007b18032b8
0x000000011a0bffb8:   00000007b1801d88 000000011a0c05c8
0x000000011a0bffc8:   00000007b177fab8 00000007b180ba10 

Instructions: (pc=0x0000003f003e0012)
0x0000003f003dfff2:   
[error occurred during error reporting (printing registers, top of stack, instructions near pc), id 0xb]

Register to memory mapping:

RAX=0x00000007c007a208 is pointing into metadata
RBX=0x0000000115571c58 is pointing into metadata
RCX=0x00000007b1b52ea8 is an oop
com.android.dx.rop.code.RegisterSpecList 
 - klass: 'com/android/dx/rop/code/RegisterSpecList'
RDX=0x0000000000000000 is an unknown value
RSP=0x000000011a0bfdd8 is pointing into the stack for thread: 0x00007fca53822800
RBP=0x00000007b1779208 is an oop
com.android.dx.rop.code.RegisterSpecList 
 - klass: 'com/android/dx/rop/code/RegisterSpecList'
RSI=0x00000007b1779298 is an oop

[error occurred during error reporting (printing register info), id 0xb]

Stack: [0x0000000119fc1000,0x000000011a0c1000],  sp=0x000000011a0bfdd8,  free space=1019k
Native frames: (J=compiled Java code, j=interpreted, Vv=VM code, C=native code)
C  0x0000003f003e0012


---------------  P R O C E S S  ---------------

Java Threads: ( => current thread )
=>0x00007fca53822800 JavaThread "pool-1-thread-4" [_thread_in_Java, id=23811, stack(0x0000000119fc1000,0x000000011a0c1000)]
  0x00007fca5280a000 JavaThread "pool-1-thread-3" [_thread_in_Java, id=23299, stack(0x0000000119ebe000,0x0000000119fbe000)]
  0x00007fca5381f000 JavaThread "pool-1-thread-2" [_thread_in_Java, id=22787, stack(0x0000000119dbb000,0x0000000119ebb000)]
  0x00007fca5500b800 JavaThread "pool-2-thread-1" [_thread_blocked, id=22275, stack(0x0000000119cb8000,0x0000000119db8000)]
  0x00007fca55866800 JavaThread "pool-1-thread-1" [_thread_in_Java, id=21763, stack(0x0000000119bb5000,0x0000000119cb5000)]
  0x00007fca55037000 JavaThread "Service Thread" daemon [_thread_blocked, id=20739, stack(0x0000000119960000,0x0000000119a60000)]
  0x00007fca55808800 JavaThread "C1 CompilerThread3" daemon [_thread_blocked, id=20227, stack(0x000000011985d000,0x000000011995d000)]
  0x00007fca55808000 JavaThread "C2 CompilerThread2" daemon [_thread_in_native, id=19715, stack(0x000000011975a000,0x000000011985a000)]
  0x00007fca55807000 JavaThread "C2 CompilerThread1" daemon [_thread_in_native, id=19203, stack(0x0000000119657000,0x0000000119757000)]
  0x00007fca55805800 JavaThread "C2 CompilerThread0" daemon [_thread_in_native, id=18691, stack(0x0000000119554000,0x0000000119654000)]
  0x00007fca55804800 JavaThread "Signal Dispatcher" daemon [_thread_blocked, id=15383, stack(0x0000000119451000,0x0000000119551000)]
  0x00007fca5200b000 JavaThread "Finalizer" daemon [_thread_blocked, id=13571, stack(0x0000000117a21000,0x0000000117b21000)]
  0x00007fca5200a000 JavaThread "Reference Handler" daemon [_thread_blocked, id=13059, stack(0x000000011791e000,0x0000000117a1e000)]
  0x00007fca54801800 JavaThread "main" [_thread_blocked, id=4867, stack(0x0000000100e9e000,0x0000000100f9e000)]

Other Threads:
  0x00007fca52009800 VMThread [stack: 0x000000011781b000,0x000000011791b000] [id=12547]
  0x00007fca5480a800 WatcherThread [stack: 0x0000000119a63000,0x0000000119b63000] [id=21251]

VM state:not at safepoint (normal execution)

VM Mutex/Monitor currently owned by a thread: None

Heap:
 PSYoungGen      total 141824K, used 127188K [0x00000007aab00000, 0x00000007b4000000, 0x00000007c0000000)
  eden space 131072K, 88% used [0x00000007aab00000,0x00000007b1cbc0c0,0x00000007b2b00000)
  from space 10752K, 99% used [0x00000007b3580000,0x00000007b3ff91b8,0x00000007b4000000)
  to   space 10752K, 0% used [0x00000007b2b00000,0x00000007b2b00000,0x00000007b3580000)
 ParOldGen       total 175104K, used 26794K [0x0000000780000000, 0x000000078ab00000, 0x00000007aab00000)
  object space 175104K, 15% used [0x0000000780000000,0x0000000781a2aac0,0x000000078ab00000)
 Metaspace       used 6299K, capacity 7224K, committed 7296K, reserved 1056768K
  class space    used 610K, capacity 624K, committed 640K, reserved 1048576K

Card table byte_map: [0x0000000112349000,0x000000011254a000] byte_map_base: 0x000000010e749000

Marking Bits: (ParMarkBitMap*) 0x00000001028dee20
 Begin Bits: [0x0000000112eb8000, 0x0000000113eb8000)
 End Bits:   [0x0000000113eb8000, 0x0000000114eb8000)

Polling page: 0x0000000100fe3000

CodeCache: size=245760Kb used=6547Kb max_used=6552Kb free=239212Kb
 bounds [0x0000000102f89000, 0x00000001035f9000, 0x0000000111f89000]
 total_blobs=2129 nmethods=1860 adapters=182
 compilation: enabled

Compilation events (10 events):
Event: 3.660 Thread 0x00007fca55808800 2238   !   3       com.android.dx.cf.code.Ropper::doit (126 bytes)
Event: 3.661 Thread 0x00007fca55808800 nmethod 2238 0x00000001035f06d0 code [0x00000001035f09c0, 0x00000001035f1e18]
Event: 3.661 Thread 0x00007fca55808000 nmethod 1949 0x00000001035f2a50 code [0x00000001035f2be0, 0x00000001035f3318]
Event: 3.662 Thread 0x00007fca55808000 2023       4       com.android.dx.ssa.SCCP::simulateBranch (666 bytes)
Event: 3.664 Thread 0x00007fca55808800 2239       2       com.android.dx.cf.code.SwitchList::add (35 bytes)
Event: 3.665 Thread 0x00007fca55808800 nmethod 2239 0x00000001035effd0 code [0x00000001035f0180, 0x00000001035f04b8]
Event: 3.667 Thread 0x00007fca55808800 2240 %     3       com.android.dx.ssa.back.SsaToRop::moveParametersToHighRegisters @ 34 (88 bytes)
Event: 3.668 Thread 0x00007fca55808800 nmethod 2240% 0x00000001035ef050 code [0x00000001035ef240, 0x00000001035efc18]
Event: 3.672 Thread 0x00007fca55808800 2241       2       com.android.dx.rop.type.Type::getArrayType (50 bytes)
Event: 3.673 Thread 0x00007fca55808800 nmethod 2241 0x00000001035ee6d0 code [0x00000001035ee880, 0x00000001035eed08]

GC Heap History (8 events):
Event: 1.774 GC heap before
{Heap before GC invocations=1 (full 0):
 PSYoungGen      total 76288K, used 65536K [0x00000007aab00000, 0x00000007b0000000, 0x00000007c0000000)
  eden space 65536K, 100% used [0x00000007aab00000,0x00000007aeb00000,0x00000007aeb00000)
  from space 10752K, 0% used [0x00000007af580000,0x00000007af580000,0x00000007b0000000)
  to   space 10752K, 0% used [0x00000007aeb00000,0x00000007aeb00000,0x00000007af580000)
 ParOldGen       total 175104K, used 0K [0x0000000780000000, 0x000000078ab00000, 0x00000007aab00000)
  object space 175104K, 0% used [0x0000000780000000,0x0000000780000000,0x000000078ab00000)
 Metaspace       used 5791K, capacity 6896K, committed 7040K, reserved 1056768K
  class space    used 589K, capacity 616K, committed 640K, reserved 1048576K
Event: 1.784 GC heap after
Heap after GC invocations=1 (full 0):
 PSYoungGen      total 76288K, used 10543K [0x00000007aab00000, 0x00000007b0000000, 0x00000007c0000000)
  eden space 65536K, 0% used [0x00000007aab00000,0x00000007aab00000,0x00000007aeb00000)
  from space 10752K, 98% used [0x00000007aeb00000,0x00000007af54bfa0,0x00000007af580000)
  to   space 10752K, 0% used [0x00000007af580000,0x00000007af580000,0x00000007b0000000)
 ParOldGen       total 175104K, used 8K [0x0000000780000000, 0x000000078ab00000, 0x00000007aab00000)
  object space 175104K, 0% used [0x0000000780000000,0x0000000780002000,0x000000078ab00000)
 Metaspace       used 5791K, capacity 6896K, committed 7040K, reserved 1056768K
  class space    used 589K, capacity 616K, committed 640K, reserved 1048576K
}
Event: 2.533 GC heap before
{Heap before GC invocations=2 (full 0):
 PSYoungGen      total 76288K, used 76079K [0x00000007aab00000, 0x00000007b0000000, 0x00000007c0000000)
  eden space 65536K, 100% used [0x00000007aab00000,0x00000007aeb00000,0x00000007aeb00000)
  from space 10752K, 98% used [0x00000007aeb00000,0x00000007af54bfa0,0x00000007af580000)
  to   space 10752K, 0% used [0x00000007af580000,0x00000007af580000,0x00000007b0000000)
 ParOldGen       total 175104K, used 8K [0x0000000780000000, 0x000000078ab00000, 0x00000007aab00000)
  object space 175104K, 0% used [0x0000000780000000,0x0000000780002000,0x000000078ab00000)
 Metaspace       used 5967K, capacity 6968K, committed 7040K, reserved 1056768K
  class space    used 610K, capacity 624K, committed 640K, reserved 1048576K
Event: 2.556 GC heap after
Heap after GC invocations=2 (full 0):
 PSYoungGen      total 76288K, used 10740K [0x00000007aab00000, 0x00000007b4000000, 0x00000007c0000000)
  eden space 65536K, 0% used [0x00000007aab00000,0x00000007aab00000,0x00000007aeb00000)
  from space 10752K, 99% used [0x00000007af580000,0x00000007afffd030,0x00000007b0000000)
  to   space 10752K, 0% used [0x00000007aeb00000,0x00000007aeb00000,0x00000007af580000)
 ParOldGen       total 175104K, used 6535K [0x0000000780000000, 0x000000078ab00000, 0x00000007aab00000)
  object space 175104K, 3% used [0x0000000780000000,0x0000000780661d50,0x000000078ab00000)
 Metaspace       used 5967K, capacity 6968K, committed 7040K, reserved 1056768K
  class space    used 610K, capacity 624K, committed 640K, reserved 1048576K
}
Event: 2.974 GC heap before
{Heap before GC invocations=3 (full 0):
 PSYoungGen      total 76288K, used 76276K [0x00000007aab00000, 0x00000007b4000000, 0x00000007c0000000)
  eden space 65536K, 100% used [0x00000007aab00000,0x00000007aeb00000,0x00000007aeb00000)
  from space 10752K, 99% used [0x00000007af580000,0x00000007afffd030,0x00000007b0000000)
  to   space 10752K, 0% used [0x00000007aeb00000,0x00000007aeb00000,0x00000007af580000)
 ParOldGen       total 175104K, used 6535K [0x0000000780000000, 0x000000078ab00000, 0x00000007aab00000)
  object space 175104K, 3% used [0x0000000780000000,0x0000000780661d50,0x000000078ab00000)
 Metaspace       used 6059K, capacity 7032K, committed 7296K, reserved 1056768K
  class space    used 610K, capacity 624K, committed 640K, reserved 1048576K
Event: 2.999 GC heap after
Heap after GC invocations=3 (full 0):
 PSYoungGen      total 76288K, used 10751K [0x00000007aab00000, 0x00000007b4000000, 0x00000007c0000000)
  eden space 65536K, 0% used [0x00000007aab00000,0x00000007aab00000,0x00000007aeb00000)
  from space 10752K, 99% used [0x00000007aeb00000,0x00000007af57fd60,0x00000007af580000)
  to   space 10752K, 0% used [0x00000007b3580000,0x00000007b3580000,0x00000007b4000000)
 ParOldGen       total 175104K, used 16076K [0x0000000780000000, 0x000000078ab00000, 0x00000007aab00000)
  object space 175104K, 9% used [0x0000000780000000,0x0000000780fb3200,0x000000078ab00000)
 Metaspace       used 6059K, capacity 7032K, committed 7296K, reserved 1056768K
  class space    used 610K, capacity 624K, committed 640K, reserved 1048576K
}
Event: 3.333 GC heap before
{Heap before GC invocations=4 (full 0):
 PSYoungGen      total 76288K, used 76287K [0x00000007aab00000, 0x00000007b4000000, 0x00000007c0000000)
  eden space 65536K, 100% used [0x00000007aab00000,0x00000007aeb00000,0x00000007aeb00000)
  from space 10752K, 99% used [0x00000007aeb00000,0x00000007af57fd60,0x00000007af580000)
  to   space 10752K, 0% used [0x00000007b3580000,0x00000007b3580000,0x00000007b4000000)
 ParOldGen       total 175104K, used 16076K [0x0000000780000000, 0x000000078ab00000, 0x00000007aab00000)
  object space 175104K, 9% used [0x0000000780000000,0x0000000780fb3200,0x000000078ab00000)
 Metaspace       used 6156K, capacity 7096K, committed 7296K, reserved 1056768K
  class space    used 610K, capacity 624K, committed 640K, reserved 1048576K
Event: 3.365 GC heap after
Heap after GC invocations=4 (full 0):
 PSYoungGen      total 141824K, used 10724K [0x00000007aab00000, 0x00000007b4000000, 0x00000007c0000000)
  eden space 131072K, 0% used [0x00000007aab00000,0x00000007aab00000,0x00000007b2b00000)
  from space 10752K, 99% used [0x00000007b3580000,0x00000007b3ff91b8,0x00000007b4000000)
  to   space 10752K, 0% used [0x00000007b2b00000,0x00000007b2b00000,0x00000007b3580000)
 ParOldGen       total 175104K, used 26794K [0x0000000780000000, 0x000000078ab00000, 0x00000007aab00000)
  object space 175104K, 15% used [0x0000000780000000,0x0000000781a2aac0,0x000000078ab00000)
 Metaspace       used 6156K, capacity 7096K, committed 7296K, reserved 1056768K
  class space    used 610K, capacity 624K, committed 640K, reserved 1048576K
}

Deoptimization events (10 events):
Event: 1.931 Thread 0x00007fca5280a000 Uncommon trap: reason=unstable_if action=reinterpret pc=0x00000001032537c4 method=java.util.HashMap.getNode(ILjava/lang/Object;)Ljava/util/HashMap$Node; @ 84
Event: 2.020 Thread 0x00007fca54801800 Uncommon trap: reason=unstable_if action=reinterpret pc=0x00000001031c373c method=java.util.HashMap.putVal(ILjava/lang/Object;Ljava/lang/Object;ZZ)Ljava/lang/Object; @ 162
Event: 2.122 Thread 0x00007fca5381f000 Uncommon trap: reason=unstable_if action=reinterpret pc=0x0000000103225e7c method=com.android.dx.ssa.SsaMethod.updateOneDefinition(Lcom/android/dx/ssa/SsaInsn;Lcom/android/dx/rop/code/RegisterSpec;)V @ 4
Event: 2.562 Thread 0x00007fca5280a000 Uncommon trap: reason=unstable_if action=reinterpret pc=0x00000001033cd138 method=com.android.dx.cf.code.ByteCatchList.listFor(I)Lcom/android/dx/cf/code/ByteCatchList; @ 19
Event: 2.566 Thread 0x00007fca5280a000 Uncommon trap: reason=unstable_if action=reinterpret pc=0x000000010328d008 method=com.android.dx.util.IntList.binarysearch(I)I @ 105
Event: 3.030 Thread 0x00007fca5381f000 Uncommon trap: reason=bimorphic action=maybe_recompile pc=0x0000000103437248 method=com.android.dx.rop.code.RegisterSpec.withSimpleType()Lcom/android/dx/rop/code/RegisterSpec; @ 21
Event: 3.034 Thread 0x00007fca5381f000 Uncommon trap: reason=bimorphic action=maybe_recompile pc=0x0000000103437248 method=com.android.dx.rop.code.RegisterSpec.withSimpleType()Lcom/android/dx/rop/code/RegisterSpec; @ 21
Event: 3.037 Thread 0x00007fca5381f000 Uncommon trap: reason=bimorphic action=maybe_recompile pc=0x0000000103437248 method=com.android.dx.rop.code.RegisterSpec.withSimpleType()Lcom/android/dx/rop/code/RegisterSpec; @ 21
Event: 3.037 Thread 0x00007fca5381f000 Uncommon trap: reason=bimorphic action=maybe_recompile pc=0x0000000103437248 method=com.android.dx.rop.code.RegisterSpec.withSimpleType()Lcom/android/dx/rop/code/RegisterSpec; @ 21
Event: 3.454 Thread 0x00007fca5381f000 Uncommon trap: reason=unstable_if action=reinterpret pc=0x0000000103516ee0 method=com.android.dx.ssa.SsaBasicBlock.newFromRop(Lcom/android/dx/rop/code/RopMethod;ILcom/android/dx/ssa/SsaMethod;)Lcom/android/dx/ssa/SsaBasicBlock; @ 164

Internal exceptions (10 events):
Event: 0.101 Thread 0x00007fca54801800 Exception <a 'java/security/PrivilegedActionException'> (0x00000007aaba5390) thrown at [/Users/java_re/workspace/8-2-build-macosx-x86_64/jdk8u60/4407/hotspot/src/share/vm/prims/jvm.cpp, line 1386]
Event: 0.102 Thread 0x00007fca54801800 Exception <a 'java/util/zip/ZipException'> (0x00000007aaba6110) thrown at [/Users/java_re/workspace/8-2-build-macosx-x86_64/jdk8u60/4407/hotspot/src/share/vm/prims/jni.cpp, line 709]
Event: 0.102 Thread 0x00007fca54801800 Exception <a 'java/security/PrivilegedActionException'> (0x00000007aaba6318) thrown at [/Users/java_re/workspace/8-2-build-macosx-x86_64/jdk8u60/4407/hotspot/src/share/vm/prims/jvm.cpp, line 1386]
Event: 0.102 Thread 0x00007fca54801800 Exception <a 'java/security/PrivilegedActionException'> (0x00000007aaba6528) thrown at [/Users/java_re/workspace/8-2-build-macosx-x86_64/jdk8u60/4407/hotspot/src/share/vm/prims/jvm.cpp, line 1386]
Event: 0.104 Thread 0x00007fca54801800 Exception <a 'java/util/zip/ZipException'> (0x00000007aabb7f30) thrown at [/Users/java_re/workspace/8-2-build-macosx-x86_64/jdk8u60/4407/hotspot/src/share/vm/prims/jni.cpp, line 709]
Event: 0.104 Thread 0x00007fca54801800 Exception <a 'java/security/PrivilegedActionException'> (0x00000007aabb8138) thrown at [/Users/java_re/workspace/8-2-build-macosx-x86_64/jdk8u60/4407/hotspot/src/share/vm/prims/jvm.cpp, line 1386]
Event: 0.104 Thread 0x00007fca54801800 Exception <a 'java/security/PrivilegedActionException'> (0x00000007aabb8348) thrown at [/Users/java_re/workspace/8-2-build-macosx-x86_64/jdk8u60/4407/hotspot/src/share/vm/prims/jvm.cpp, line 1386]
Event: 1.930 Thread 0x00007fca5280a000 Exception <a 'java/lang/ArrayIndexOutOfBoundsException': 18> (0x00000007ab808698) thrown at [/Users/java_re/workspace/8-2-build-macosx-x86_64/jdk8u60/4407/hotspot/src/share/vm/interpreter/interpreterRuntime.cpp, line 366]
Event: 2.020 Thread 0x00007fca54801800 Exception <a 'java/lang/ArrayIndexOutOfBoundsException': 145> (0x00000007abb35488) thrown at [/Users/java_re/workspace/8-2-build-macosx-x86_64/jdk8u60/4407/hotspot/src/share/vm/interpreter/interpreterRuntime.cpp, line 366]
Event: 2.021 Thread 0x00007fca54801800 Exception <a 'java/lang/ArrayIndexOutOfBoundsException': 40> (0x00000007abb36770) thrown at [/Users/java_re/workspace/8-2-build-macosx-x86_64/jdk8u60/4407/hotspot/src/share/vm/interpreter/interpreterRuntime.cpp, line 366]

Events (10 events):
Event: 3.643 Thread 0x00007fca5280a000 DEOPT PACKING pc=0x0000000103253143 sp=0x0000000119fbcc10
Event: 3.643 Thread 0x00007fca5280a000 DEOPT UNPACKING pc=0x0000000102fd0633 sp=0x0000000119fbc9a0 mode 0
Event: 3.659 Thread 0x00007fca55866800 DEOPT PACKING pc=0x000000010326b34e sp=0x0000000119cb3d90
Event: 3.659 Thread 0x00007fca55866800 DEOPT UNPACKING pc=0x0000000102fd0633 sp=0x0000000119cb3b18 mode 0
Event: 3.659 Thread 0x00007fca55866800 DEOPT PACKING pc=0x000000010341d591 sp=0x0000000119cb4130
Event: 3.659 Thread 0x00007fca55866800 DEOPT UNPACKING pc=0x0000000102fd0633 sp=0x0000000119cb3ed0 mode 0
Event: 3.675 Thread 0x00007fca53822800 DEOPT PACKING pc=0x000000010326b34e sp=0x000000011a0bfd00
Event: 3.675 Thread 0x00007fca53822800 DEOPT UNPACKING pc=0x0000000102fd0633 sp=0x000000011a0bfa88 mode 0
Event: 3.677 Thread 0x00007fca53822800 DEOPT PACKING pc=0x00000001032cea94 sp=0x000000011a0bfd80
Event: 3.677 Thread 0x00007fca53822800 DEOPT UNPACKING pc=0x0000000102fd0633 sp=0x000000011a0bfab0 mode 0


Dynamic libraries:
0x0000000002e1c000 	/System/Library/Frameworks/Cocoa.framework/Versions/A/Cocoa
0x0000000002e1c000 	/System/Library/Frameworks/Security.framework/Versions/A/Security
0x0000000002e1c000 	/System/Library/Frameworks/ApplicationServices.framework/Versions/A/ApplicationServices
0x0000000002e1c000 	/usr/lib/libz.1.dylib
0x0000000002e1c000 	/usr/lib/libSystem.B.dylib
0x0000000002e1c000 	/usr/lib/libobjc.A.dylib
0x0000000002e1c000 	/System/Library/Frameworks/CoreFoundation.framework/Versions/A/CoreFoundation
0x0000000002e1c000 	/System/Library/Frameworks/Foundation.framework/Versions/C/Foundation
0x0000000002e1c000 	/System/Library/Frameworks/AppKit.framework/Versions/C/AppKit
0x0000000002e1c000 	/System/Library/Frameworks/CoreData.framework/Versions/A/CoreData
0x0000000002e1c000 	/System/Library/PrivateFrameworks/RemoteViewServices.framework/Versions/A/RemoteViewServices
0x0000000002e1c000 	/System/Library/PrivateFrameworks/UIFoundation.framework/Versions/A/UIFoundation
0x0000000002e1c000 	/System/Library/Frameworks/IOSurface.framework/Versions/A/IOSurface
0x0000000002e1c000 	/System/Library/Frameworks/AudioToolbox.framework/Versions/A/AudioToolbox
0x0000000002e1c000 	/System/Library/Frameworks/AudioUnit.framework/Versions/A/AudioUnit
0x0000000002e1c000 	/System/Library/PrivateFrameworks/DataDetectorsCore.framework/Versions/A/DataDetectorsCore
0x0000000002e1c000 	/System/Library/PrivateFrameworks/DesktopServicesPriv.framework/Versions/A/DesktopServicesPriv
0x0000000002e1c000 	/System/Library/Frameworks/Carbon.framework/Versions/A/Frameworks/HIToolbox.framework/Versions/A/HIToolbox
0x0000000002e1c000 	/System/Library/Frameworks/QuartzCore.framework/Versions/A/QuartzCore
0x0000000002e1c000 	/System/Library/Frameworks/Carbon.framework/Versions/A/Frameworks/SpeechRecognition.framework/Versions/A/SpeechRecognition
0x0000000002e1c000 	/usr/lib/libauto.dylib
0x0000000002e1c000 	/usr/lib/libicucore.A.dylib
0x0000000002e1c000 	/usr/lib/libxml2.2.dylib
0x0000000002e1c000 	/System/Library/PrivateFrameworks/CoreUI.framework/Versions/A/CoreUI
0x0000000002e1c000 	/System/Library/Frameworks/CoreAudio.framework/Versions/A/CoreAudio
0x0000000002e1c000 	/System/Library/Frameworks/DiskArbitration.framework/Versions/A/DiskArbitration
0x0000000002e1c000 	/usr/lib/liblangid.dylib
0x0000000002e1c000 	/System/Library/PrivateFrameworks/MultitouchSupport.framework/Versions/A/MultitouchSupport
0x0000000002e1c000 	/System/Library/Frameworks/IOKit.framework/Versions/A/IOKit
0x0000000002e1c000 	/usr/lib/libDiagnosticMessagesClient.dylib
0x0000000002e1c000 	/System/Library/Frameworks/CoreServices.framework/Versions/A/CoreServices
0x0000000002e1c000 	/System/Library/PrivateFrameworks/PerformanceAnalysis.framework/Versions/A/PerformanceAnalysis
0x0000000002e1c000 	/System/Library/PrivateFrameworks/GenerationalStorage.framework/Versions/A/GenerationalStorage
0x0000000002e1c000 	/System/Library/Frameworks/OpenGL.framework/Versions/A/OpenGL
0x0000000002e1c000 	/System/Library/PrivateFrameworks/Sharing.framework/Versions/A/Sharing
0x0000000002e1c000 	/System/Library/Frameworks/CoreGraphics.framework/Versions/A/CoreGraphics
0x0000000002e1c000 	/System/Library/Frameworks/CoreText.framework/Versions/A/CoreText
0x0000000002e1c000 	/System/Library/Frameworks/ImageIO.framework/Versions/A/ImageIO
0x0000000002e1c000 	/usr/lib/libextension.dylib
0x0000000002e1c000 	/System/Library/PrivateFrameworks/Backup.framework/Versions/A/Backup
0x0000000002e1c000 	/usr/lib/libarchive.2.dylib
0x0000000002e1c000 	/System/Library/Frameworks/CFNetwork.framework/Versions/A/CFNetwork
0x0000000002e1c000 	/System/Library/Frameworks/SystemConfiguration.framework/Versions/A/SystemConfiguration
0x0000000002e1c000 	/usr/lib/libCRFSuite.dylib
0x0000000002e1c000 	/usr/lib/libc++.1.dylib
0x0000000002e1c000 	/usr/lib/libc++abi.dylib
0x0000000002e1c000 	/usr/lib/system/libcache.dylib
0x0000000002e1c000 	/usr/lib/system/libcommonCrypto.dylib
0x0000000002e1c000 	/usr/lib/system/libcompiler_rt.dylib
0x0000000002e1c000 	/usr/lib/system/libcopyfile.dylib
0x0000000002e1c000 	/usr/lib/system/libcorecrypto.dylib
0x0000000002e1c000 	/usr/lib/system/libdispatch.dylib
0x0000000002e1c000 	/usr/lib/system/libdyld.dylib
0x0000000002e1c000 	/usr/lib/system/libkeymgr.dylib
0x0000000002e1c000 	/usr/lib/system/liblaunch.dylib
0x0000000002e1c000 	/usr/lib/system/libmacho.dylib
0x0000000002e1c000 	/usr/lib/system/libquarantine.dylib
0x0000000002e1c000 	/usr/lib/system/libremovefile.dylib
0x0000000002e1c000 	/usr/lib/system/libsystem_asl.dylib
0x0000000002e1c000 	/usr/lib/system/libsystem_blocks.dylib
0x0000000002e1c000 	/usr/lib/system/libsystem_c.dylib
0x0000000002e1c000 	/usr/lib/system/libsystem_configuration.dylib
0x0000000002e1c000 	/usr/lib/system/libsystem_coreservices.dylib
0x0000000002e1c000 	/usr/lib/system/libsystem_coretls.dylib
0x0000000002e1c000 	/usr/lib/system/libsystem_dnssd.dylib
0x0000000002e1c000 	/usr/lib/system/libsystem_info.dylib
0x0000000002e1c000 	/usr/lib/system/libsystem_kernel.dylib
0x0000000002e1c000 	/usr/lib/system/libsystem_m.dylib
0x0000000002e1c000 	/usr/lib/system/libsystem_malloc.dylib
0x0000000002e1c000 	/usr/lib/system/libsystem_network.dylib
0x0000000002e1c000 	/usr/lib/system/libsystem_networkextension.dylib
0x0000000002e1c000 	/usr/lib/system/libsystem_notify.dylib
0x0000000002e1c000 	/usr/lib/system/libsystem_platform.dylib
0x0000000002e1c000 	/usr/lib/system/libsystem_pthread.dylib
0x0000000002e1c000 	/usr/lib/system/libsystem_sandbox.dylib
0x0000000002e1c000 	/usr/lib/system/libsystem_secinit.dylib
0x0000000002e1c000 	/usr/lib/system/libsystem_stats.dylib
0x0000000002e1c000 	/usr/lib/system/libsystem_trace.dylib
0x0000000002e1c000 	/usr/lib/system/libunc.dylib
0x0000000002e1c000 	/usr/lib/system/libunwind.dylib
0x0000000002e1c000 	/usr/lib/system/libxpc.dylib
0x0000000002e1c000 	/usr/lib/libbz2.1.0.dylib
0x0000000002e1c000 	/usr/lib/liblzma.5.dylib
0x0000000002e1c000 	/usr/lib/libbsm.0.dylib
0x0000000002e1c000 	/usr/lib/libsqlite3.dylib
0x0000000002e1c000 	/usr/lib/system/libkxld.dylib
0x0000000002e1c000 	/usr/lib/libxar.1.dylib
0x0000000002e1c000 	/usr/lib/libpam.2.dylib
0x0000000002e1c000 	/usr/lib/libOpenScriptingUtil.dylib
0x0000000002e1c000 	/System/Library/Frameworks/CoreServices.framework/Versions/A/Frameworks/FSEvents.framework/Versions/A/FSEvents
0x0000000002e1c000 	/System/Library/Frameworks/CoreServices.framework/Versions/A/Frameworks/CarbonCore.framework/Versions/A/CarbonCore
0x0000000002e1c000 	/System/Library/Frameworks/CoreServices.framework/Versions/A/Frameworks/Metadata.framework/Versions/A/Metadata
0x0000000002e1c000 	/System/Library/Frameworks/CoreServices.framework/Versions/A/Frameworks/OSServices.framework/Versions/A/OSServices
0x0000000002e1c000 	/System/Library/Frameworks/CoreServices.framework/Versions/A/Frameworks/SearchKit.framework/Versions/A/SearchKit
0x0000000002e1c000 	/System/Library/Frameworks/CoreServices.framework/Versions/A/Frameworks/AE.framework/Versions/A/AE
0x0000000002e1c000 	/System/Library/Frameworks/CoreServices.framework/Versions/A/Frameworks/LaunchServices.framework/Versions/A/LaunchServices
0x0000000002e1c000 	/System/Library/Frameworks/CoreServices.framework/Versions/A/Frameworks/DictionaryServices.framework/Versions/A/DictionaryServices
0x0000000002e1c000 	/System/Library/Frameworks/NetFS.framework/Versions/A/NetFS
0x0000000002e1c000 	/System/Library/PrivateFrameworks/NetAuth.framework/Versions/A/NetAuth
0x0000000002e1c000 	/System/Library/PrivateFrameworks/login.framework/Versions/A/Frameworks/loginsupport.framework/Versions/A/loginsupport
0x0000000002e1c000 	/System/Library/PrivateFrameworks/TCC.framework/Versions/A/TCC
0x0000000002e1c000 	/usr/lib/libmecabra.dylib
0x0000000002e1c000 	/System/Library/Frameworks/ApplicationServices.framework/Versions/A/Frameworks/ATS.framework/Versions/A/ATS
0x0000000002e1c000 	/System/Library/Frameworks/ApplicationServices.framework/Versions/A/Frameworks/ColorSync.framework/Versions/A/ColorSync
0x0000000002e1c000 	/System/Library/Frameworks/ApplicationServices.framework/Versions/A/Frameworks/HIServices.framework/Versions/A/HIServices
0x0000000002e1c000 	/System/Library/Frameworks/ApplicationServices.framework/Versions/A/Frameworks/LangAnalysis.framework/Versions/A/LangAnalysis
0x0000000002e1c000 	/System/Library/Frameworks/ApplicationServices.framework/Versions/A/Frameworks/PrintCore.framework/Versions/A/PrintCore
0x0000000002e1c000 	/System/Library/Frameworks/ApplicationServices.framework/Versions/A/Frameworks/QD.framework/Versions/A/QD
0x0000000002e1c000 	/System/Library/Frameworks/ApplicationServices.framework/Versions/A/Frameworks/SpeechSynthesis.framework/Versions/A/SpeechSynthesis
0x0000000002e1c000 	/System/Library/Frameworks/Accelerate.framework/Versions/A/Accelerate
0x0000000002e1c000 	/System/Library/Frameworks/Accelerate.framework/Versions/A/Frameworks/vImage.framework/Versions/A/vImage
0x0000000002e1c000 	/System/Library/Frameworks/Accelerate.framework/Versions/A/Frameworks/vecLib.framework/Versions/A/vecLib
0x0000000002e1c000 	/System/Library/Frameworks/Accelerate.framework/Versions/A/Frameworks/vecLib.framework/Versions/A/libvDSP.dylib
0x0000000002e1c000 	/System/Library/Frameworks/Accelerate.framework/Versions/A/Frameworks/vecLib.framework/Versions/A/libvMisc.dylib
0x0000000002e1c000 	/System/Library/Frameworks/Accelerate.framework/Versions/A/Frameworks/vecLib.framework/Versions/A/libLAPACK.dylib
0x0000000002e1c000 	/System/Library/Frameworks/Accelerate.framework/Versions/A/Frameworks/vecLib.framework/Versions/A/libBLAS.dylib
0x0000000002e1c000 	/System/Library/Frameworks/Accelerate.framework/Versions/A/Frameworks/vecLib.framework/Versions/A/libLinearAlgebra.dylib
0x0000000002e1c000 	/System/Library/Frameworks/ApplicationServices.framework/Versions/A/Frameworks/ATS.framework/Versions/A/Resources/libFontParser.dylib
0x0000000002e1c000 	/System/Library/Frameworks/ApplicationServices.framework/Versions/A/Frameworks/ATS.framework/Versions/A/Resources/libFontRegistry.dylib
0x0000000002e1c000 	/System/Library/PrivateFrameworks/AppleVPA.framework/Versions/A/AppleVPA
0x0000000002e1c000 	/System/Library/PrivateFrameworks/AppleJPEG.framework/Versions/A/AppleJPEG
0x0000000002e1c000 	/System/Library/Frameworks/ImageIO.framework/Versions/A/Resources/libJPEG.dylib
0x0000000002e1c000 	/System/Library/Frameworks/ImageIO.framework/Versions/A/Resources/libTIFF.dylib
0x0000000002e1c000 	/System/Library/Frameworks/ImageIO.framework/Versions/A/Resources/libPng.dylib
0x0000000002e1c000 	/System/Library/Frameworks/ImageIO.framework/Versions/A/Resources/libGIF.dylib
0x0000000002e1c000 	/System/Library/Frameworks/ImageIO.framework/Versions/A/Resources/libJP2.dylib
0x0000000002e1c000 	/System/Library/Frameworks/ImageIO.framework/Versions/A/Resources/libRadiance.dylib
0x0000000002e1c000 	/System/Library/Frameworks/CoreVideo.framework/Versions/A/CoreVideo
0x0000000002e1c000 	/System/Library/Frameworks/OpenGL.framework/Versions/A/Libraries/libGLU.dylib
0x0000000002e1c000 	/System/Library/Frameworks/OpenGL.framework/Versions/A/Libraries/libGFXShared.dylib
0x0000000002e1c000 	/System/Library/Frameworks/OpenGL.framework/Versions/A/Libraries/libGL.dylib
0x0000000002e1c000 	/System/Library/Frameworks/OpenGL.framework/Versions/A/Libraries/libGLImage.dylib
0x0000000002e1c000 	/System/Library/Frameworks/OpenGL.framework/Versions/A/Libraries/libCVMSPluginSupport.dylib
0x0000000002e1c000 	/System/Library/Frameworks/OpenGL.framework/Versions/A/Libraries/libCoreVMClient.dylib
0x0000000002e1c000 	/usr/lib/libcups.2.dylib
0x0000000002e1c000 	/System/Library/Frameworks/Kerberos.framework/Versions/A/Kerberos
0x0000000002e1c000 	/System/Library/Frameworks/GSS.framework/Versions/A/GSS
0x0000000002e1c000 	/usr/lib/libresolv.9.dylib
0x0000000002e1c000 	/usr/lib/libiconv.2.dylib
0x0000000002e1c000 	/System/Library/PrivateFrameworks/Heimdal.framework/Versions/A/Heimdal
0x0000000002e1c000 	/usr/lib/libheimdal-asn1.dylib
0x0000000002e1c000 	/System/Library/Frameworks/OpenDirectory.framework/Versions/A/OpenDirectory
0x0000000002e1c000 	/System/Library/PrivateFrameworks/CommonAuth.framework/Versions/A/CommonAuth
0x0000000002e1c000 	/System/Library/Frameworks/OpenDirectory.framework/Versions/A/Frameworks/CFOpenDirectory.framework/Versions/A/CFOpenDirectory
0x0000000002e1c000 	/System/Library/Frameworks/SecurityFoundation.framework/Versions/A/SecurityFoundation
0x0000000002e1c000 	/System/Library/PrivateFrameworks/LanguageModeling.framework/Versions/A/LanguageModeling
0x0000000002e1c000 	/usr/lib/libcmph.dylib
0x0000000002e1c000 	/System/Library/Frameworks/ServiceManagement.framework/Versions/A/ServiceManagement
0x0000000002e1c000 	/usr/lib/libxslt.1.dylib
0x0000000002e1c000 	/System/Library/Frameworks/Carbon.framework/Versions/A/Frameworks/Ink.framework/Versions/A/Ink
0x0000000002e1c000 	/System/Library/Frameworks/QuartzCore.framework/Versions/A/Frameworks/CoreImage.framework/Versions/A/CoreImage
0x0000000002e1c000 	/System/Library/PrivateFrameworks/CrashReporterSupport.framework/Versions/A/CrashReporterSupport
0x0000000002e1c000 	/System/Library/Frameworks/OpenCL.framework/Versions/A/OpenCL
0x0000000002e1c000 	/System/Library/PrivateFrameworks/FaceCore.framework/Versions/A/FaceCore
0x0000000002e1c000 	/System/Library/PrivateFrameworks/Ubiquity.framework/Versions/A/Ubiquity
0x0000000002e1c000 	/System/Library/PrivateFrameworks/IconServices.framework/Versions/A/IconServices
0x0000000002e1c000 	/System/Library/PrivateFrameworks/ChunkingLibrary.framework/Versions/A/ChunkingLibrary
0x0000000002e1c000 	/System/Library/PrivateFrameworks/Apple80211.framework/Versions/A/Apple80211
0x0000000002e1c000 	/System/Library/Frameworks/CoreWLAN.framework/Versions/A/CoreWLAN
0x0000000002e1c000 	/System/Library/Frameworks/IOBluetooth.framework/Versions/A/IOBluetooth
0x0000000002e1c000 	/System/Library/PrivateFrameworks/CoreWiFi.framework/Versions/A/CoreWiFi
0x0000000002e1c000 	/System/Library/Frameworks/CoreBluetooth.framework/Versions/A/CoreBluetooth
0x0000000002e1c000 	/System/Library/PrivateFrameworks/DebugSymbols.framework/Versions/A/DebugSymbols
0x0000000002e1c000 	/System/Library/PrivateFrameworks/CoreSymbolication.framework/Versions/A/CoreSymbolication
0x0000000002e1c000 	/System/Library/PrivateFrameworks/Symbolication.framework/Versions/A/Symbolication
0x0000000002e1c000 	/System/Library/PrivateFrameworks/SpeechRecognitionCore.framework/Versions/A/SpeechRecognitionCore
0x0000000102000000 	/Library/Java/JavaVirtualMachines/jdk1.8.0_60.jdk/Contents/Home/jre/lib/server/libjvm.dylib
0x0000000002e1c000 	/usr/lib/libstdc++.6.dylib
0x0000000100fa0000 	/Library/Java/JavaVirtualMachines/jdk1.8.0_60.jdk/Contents/Home/jre/lib/libverify.dylib
0x0000000100fae000 	/Library/Java/JavaVirtualMachines/jdk1.8.0_60.jdk/Contents/Home/jre/lib/libjava.dylib
0x0000000100fed000 	/Library/Java/JavaVirtualMachines/jdk1.8.0_60.jdk/Contents/Home/jre/lib/libzip.dylib
0x0000000117b23000 	/System/Library/Frameworks/JavaVM.framework/Frameworks/JavaRuntimeSupport.framework/JavaRuntimeSupport
0x0000000117b3e000 	/System/Library/Frameworks/JavaVM.framework/Versions/A/Frameworks/JavaNativeFoundation.framework/Versions/A/JavaNativeFoundation
0x0000000117b53000 	/System/Library/Frameworks/JavaVM.framework/Versions/A/JavaVM
0x0000000002e1c000 	/System/Library/Frameworks/Carbon.framework/Versions/A/Carbon
0x0000000117b60000 	/System/Library/PrivateFrameworks/JavaLaunching.framework/Versions/A/JavaLaunching
0x0000000002e1c000 	/System/Library/Frameworks/Carbon.framework/Versions/A/Frameworks/CommonPanels.framework/Versions/A/CommonPanels
0x0000000002e1c000 	/System/Library/Frameworks/Carbon.framework/Versions/A/Frameworks/Help.framework/Versions/A/Help
0x0000000002e1c000 	/System/Library/Frameworks/Carbon.framework/Versions/A/Frameworks/ImageCapture.framework/Versions/A/ImageCapture
0x0000000002e1c000 	/System/Library/Frameworks/Carbon.framework/Versions/A/Frameworks/OpenScripting.framework/Versions/A/OpenScripting
0x0000000002e1c000 	/System/Library/Frameworks/Carbon.framework/Versions/A/Frameworks/Print.framework/Versions/A/Print
0x0000000002e1c000 	/System/Library/Frameworks/Carbon.framework/Versions/A/Frameworks/SecurityHI.framework/Versions/A/SecurityHI

VM Arguments:
jvm_args: -Xmx1024M -Dfile.encoding=UTF-8 -Duser.country=ES -Duser.language=es -Duser.variant 
java_command: com.android.dx.command.Main --dex --num-threads=4 --output /Users/pepesan/Downloads/BroadcastReceiverASv2/app/build/intermediates/pre-dexed/debug/classes-2818d1a2591e1214f69635544beea51b7316e6d8.jar /Users/pepesan/Downloads/BroadcastReceiverASv2/app/build/intermediates/exploded-aar/com.android.support/support-v4/23.0.1/jars/classes.jar
java_class_path (initial): /Users/pepesan/Library/Android/sdk/build-tools/23.0.1/lib/dx.jar
Launcher Type: SUN_STANDARD

Environment Variables:
PATH=/usr/bin:/bin:/usr/sbin:/sbin
SHELL=/bin/bash

Signal Handlers:
SIGSEGV: [libjvm.dylib+0x5a6d31], sa_mask[0]=11111111011111110111111111111111, sa_flags=SA_ONSTACK|SA_RESTART|SA_SIGINFO
SIGBUS: [libjvm.dylib+0x5a6d31], sa_mask[0]=11111111011111110111111111111111, sa_flags=SA_RESTART|SA_SIGINFO
SIGFPE: [libjvm.dylib+0x480a4c], sa_mask[0]=11111111011111110111111111111111, sa_flags=SA_RESTART|SA_SIGINFO
SIGPIPE: [libjvm.dylib+0x480a4c], sa_mask[0]=11111111011111110111111111111111, sa_flags=SA_RESTART|SA_SIGINFO
SIGXFSZ: [libjvm.dylib+0x480a4c], sa_mask[0]=11111111011111110111111111111111, sa_flags=SA_RESTART|SA_SIGINFO
SIGILL: [libjvm.dylib+0x480a4c], sa_mask[0]=11111111011111110111111111111111, sa_flags=SA_RESTART|SA_SIGINFO
SIGUSR1: SIG_DFL, sa_mask[0]=00000000000000000000000000000000, sa_flags=none
SIGUSR2: [libjvm.dylib+0x48056a], sa_mask[0]=00100000000000000000000000000000, sa_flags=SA_RESTART|SA_SIGINFO
SIGHUP: [libjvm.dylib+0x47eb41], sa_mask[0]=11111111011111110111111111111111, sa_flags=SA_RESTART|SA_SIGINFO
SIGINT: [libjvm.dylib+0x47eb41], sa_mask[0]=11111111011111110111111111111111, sa_flags=SA_RESTART|SA_SIGINFO
SIGTERM: [libjvm.dylib+0x47eb41], sa_mask[0]=11111111011111110111111111111111, sa_flags=SA_RESTART|SA_SIGINFO
SIGQUIT: [libjvm.dylib+0x47eb41], sa_mask[0]=11111111011111110111111111111111, sa_flags=SA_RESTART|SA_SIGINFO


---------------  S Y S T E M  ---------------

OS:Bsduname:Darwin 14.5.0 Darwin Kernel Version 14.5.0: Wed Jul 29 02:26:53 PDT 2015; root:xnu-2782.40.9~1/RELEASE_X86_64 x86_64
rlimit: STACK 8192k, CORE 0k, NPROC 709, NOFILE 10240, AS infinity
load average:4.52 2.40 1.84

CPU:total 8 (4 cores per cpu, 2 threads per core) family 6 model 58 stepping 9, cmov, cx8, fxsr, mmx, sse, sse2, sse3, ssse3, sse4.1, sse4.2, popcnt, avx, aes, clmul, erms, ht, tsc, tscinvbit, tscinv

Memory: 4k page, physical 16777216k(3398640k free)

/proc/meminfo:


vm_info: Java HotSpot(TM) 64-Bit Server VM (25.60-b23) for bsd-amd64 JRE (1.8.0_60-b27), built on Aug  4 2015 10:47:24 by "java_re" with gcc 4.2.1 (Based on Apple Inc. build 5658) (LLVM build 2336.11.00)

time: Thu Oct 15 11:02:25 2015
elapsed time: 3 seconds (0d 0h 0m 3s)

